2024-04-17 16:02:47,710 - INFO - root - Verarbeite GeoTIFF: /Users/lukasbatschelet/Library/CloudStorage/OneDrive-UniversitaetBern/Studium/FS24/Geoprocessing-II/Projektarbeit_Fotogrammetrie/20240415_Grundlagen/202311xx_Rohdaten/20231116_DEM_Sammler_Obermad_0.05m.tif
2024-04-17 16:02:47,710 - INFO - root - Ausgabe GeoTIFF: /Users/lukasbatschelet/Library/CloudStorage/OneDrive-UniversitaetBern/Studium/FS24/Geoprocessing-II/Projektarbeit_Fotogrammetrie/05_Output/20231116_DEM_Sammler_Obermad_0.05m.tif
2024-04-17 16:02:47,710 - INFO - root - Anwendungsstart - Eingabedatei: /Users/lukasbatschelet/Library/CloudStorage/OneDrive-UniversitaetBern/Studium/FS24/Geoprocessing-II/Projektarbeit_Fotogrammetrie/20240415_Grundlagen/202311xx_Rohdaten/20231116_DEM_Sammler_Obermad_0.05m.tif, Ausgabedatei: /Users/lukasbatschelet/Library/CloudStorage/OneDrive-UniversitaetBern/Studium/FS24/Geoprocessing-II/Projektarbeit_Fotogrammetrie/05_Output/20231116_DEM_Sammler_Obermad_0.05m.tif
2024-04-17 16:02:47,710 - DEBUG - geo_tiff_processor - Initializing GeoTIFFProcessor with input: /Users/lukasbatschelet/Library/CloudStorage/OneDrive-UniversitaetBern/Studium/FS24/Geoprocessing-II/Projektarbeit_Fotogrammetrie/20240415_Grundlagen/202311xx_Rohdaten/20231116_DEM_Sammler_Obermad_0.05m.tif and output: /Users/lukasbatschelet/Library/CloudStorage/OneDrive-UniversitaetBern/Studium/FS24/Geoprocessing-II/Projektarbeit_Fotogrammetrie/05_Output/20231116_DEM_Sammler_Obermad_0.05m.tif
2024-04-17 16:02:47,710 - DEBUG - rasterio.env - Entering env context: <rasterio.env.Env object at 0x1177d4ad0>
2024-04-17 16:02:47,711 - DEBUG - rasterio.env - Starting outermost env
2024-04-17 16:02:47,711 - DEBUG - rasterio.env - No GDAL environment exists
2024-04-17 16:02:47,711 - DEBUG - rasterio.env - New GDAL environment <rasterio._env.GDALEnv object at 0x116c73730> created
2024-04-17 16:02:47,729 - DEBUG - rasterio._filepath - Installing FilePath filesystem handler plugin...
2024-04-17 16:02:47,729 - DEBUG - rasterio._env - GDAL data found in package: path='/Users/lukasbatschelet/PycharmProjects/SurfaceRougness/.venv/lib/python3.12/site-packages/rasterio/gdal_data'.
2024-04-17 16:02:47,729 - DEBUG - rasterio._env - PROJ data found in package: path='/Users/lukasbatschelet/PycharmProjects/SurfaceRougness/.venv/lib/python3.12/site-packages/rasterio/proj_data'.
2024-04-17 16:02:47,729 - DEBUG - rasterio._env - Started GDALEnv: self=<rasterio._env.GDALEnv object at 0x116c73730>.
2024-04-17 16:02:47,729 - DEBUG - rasterio.env - Entered env context: <rasterio.env.Env object at 0x1177d4ad0>
2024-04-17 16:02:47,729 - DEBUG - rasterio._base - Sharing flag: 0
2024-04-17 16:02:47,765 - WARNING - rasterio._env - CPLE_AppDefined in The definition of projected CRS EPSG:2056 got from GeoTIFF keys is not the same as the one from the EPSG registry, which may cause issues during reprojection operations. Set GTIFF_SRS_SOURCE configuration option to EPSG to use official parameters (overriding the ones from GeoTIFF keys), or to GEOKEYS to use custom values from GeoTIFF keys and drop the EPSG code.
2024-04-17 16:02:47,766 - DEBUG - rasterio._base - Nodata success: 1, Nodata value: -32767.000000
2024-04-17 16:02:47,766 - DEBUG - rasterio._base - Dataset <open DatasetReader name='/Users/lukasbatschelet/Library/CloudStorage/OneDrive-UniversitaetBern/Studium/FS24/Geoprocessing-II/Projektarbeit_Fotogrammetrie/20240415_Grundlagen/202311xx_Rohdaten/20231116_DEM_Sammler_Obermad_0.05m.tif' mode='r'> is started.
2024-04-17 16:02:47,766 - DEBUG - rasterio.env - Exiting env context: <rasterio.env.Env object at 0x1177d4ad0>
2024-04-17 16:02:47,766 - DEBUG - rasterio.env - Cleared existing <rasterio._env.GDALEnv object at 0x116c73730> options
2024-04-17 16:02:47,766 - DEBUG - rasterio._env - Stopped GDALEnv <rasterio._env.GDALEnv object at 0x116c73730>.
2024-04-17 16:02:47,766 - DEBUG - rasterio.env - Exiting outermost env
2024-04-17 16:02:47,766 - DEBUG - rasterio.env - Exited env context: <rasterio.env.Env object at 0x1177d4ad0>
2024-04-17 16:02:47,767 - DEBUG - rasterio._io - Output nodata value read from file: -32767.0
2024-04-17 16:02:47,767 - DEBUG - rasterio._io - Output nodata values: [-32767.0]
2024-04-17 16:02:47,768 - DEBUG - rasterio._io - all_valid: False
2024-04-17 16:02:47,768 - DEBUG - rasterio._io - mask_flags: ([<MaskFlags.nodata: 8>],)
2024-04-17 16:02:47,768 - DEBUG - rasterio._io - Jump straight to _read()
2024-04-17 16:02:47,768 - DEBUG - rasterio._io - Window: None
2024-04-17 16:02:47,769 - DEBUG - rasterio._io - IO window xoff=0.0 yoff=0.0 width=6395.0 height=3365.0
2024-04-17 16:02:47,971 - INFO - geo_tiff_processor - Calculating roughness
2024-04-17 16:05:17,016 - DEBUG - rasterio.env - Entering env context: <rasterio.env.Env object at 0x11776fec0>
2024-04-17 16:05:17,016 - DEBUG - rasterio.env - Starting outermost env
2024-04-17 16:05:17,016 - DEBUG - rasterio.env - No GDAL environment exists
2024-04-17 16:05:17,017 - DEBUG - rasterio.env - New GDAL environment <rasterio._env.GDALEnv object at 0x11776e590> created
2024-04-17 16:05:17,017 - DEBUG - rasterio._env - GDAL data found in package: path='/Users/lukasbatschelet/PycharmProjects/SurfaceRougness/.venv/lib/python3.12/site-packages/rasterio/gdal_data'.
2024-04-17 16:05:17,017 - DEBUG - rasterio._env - PROJ data found in package: path='/Users/lukasbatschelet/PycharmProjects/SurfaceRougness/.venv/lib/python3.12/site-packages/rasterio/proj_data'.
2024-04-17 16:05:17,017 - DEBUG - rasterio._env - Started GDALEnv: self=<rasterio._env.GDALEnv object at 0x11776e590>.
2024-04-17 16:05:17,017 - DEBUG - rasterio.env - Entered env context: <rasterio.env.Env object at 0x11776fec0>
2024-04-17 16:05:17,017 - DEBUG - rasterio._io - Path: _UnparsedPath(path='/Users/lukasbatschelet/Library/CloudStorage/OneDrive-UniversitaetBern/Studium/FS24/Geoprocessing-II/Projektarbeit_Fotogrammetrie/05_Output/20231116_DEM_Sammler_Obermad_0.05m.tif'), mode: w, driver: GTiff
2024-04-17 16:05:17,027 - DEBUG - rasterio._base - Nodata success: 1, Nodata value: -9999.000000
2024-04-17 16:05:17,028 - DEBUG - rasterio.env - Exiting env context: <rasterio.env.Env object at 0x11776fec0>
2024-04-17 16:05:17,028 - DEBUG - rasterio.env - Cleared existing <rasterio._env.GDALEnv object at 0x11776e590> options
2024-04-17 16:05:17,028 - DEBUG - rasterio._env - Stopped GDALEnv <rasterio._env.GDALEnv object at 0x11776e590>.
2024-04-17 16:05:17,028 - DEBUG - rasterio.env - Exiting outermost env
2024-04-17 16:05:17,028 - DEBUG - rasterio.env - Exited env context: <rasterio.env.Env object at 0x11776fec0>
2024-04-17 16:05:17,028 - DEBUG - rasterio.env - Entering env context: <rasterio.env.Env object at 0x10577c9b0>
2024-04-17 16:05:17,028 - DEBUG - rasterio.env - Starting outermost env
2024-04-17 16:05:17,028 - DEBUG - rasterio.env - No GDAL environment exists
2024-04-17 16:05:17,028 - DEBUG - rasterio.env - New GDAL environment <rasterio._env.GDALEnv object at 0x1170a6740> created
2024-04-17 16:05:17,028 - DEBUG - rasterio._env - GDAL data found in package: path='/Users/lukasbatschelet/PycharmProjects/SurfaceRougness/.venv/lib/python3.12/site-packages/rasterio/gdal_data'.
2024-04-17 16:05:17,028 - DEBUG - rasterio._env - PROJ data found in package: path='/Users/lukasbatschelet/PycharmProjects/SurfaceRougness/.venv/lib/python3.12/site-packages/rasterio/proj_data'.
2024-04-17 16:05:17,028 - DEBUG - rasterio._env - Started GDALEnv: self=<rasterio._env.GDALEnv object at 0x1170a6740>.
2024-04-17 16:05:17,028 - DEBUG - rasterio.env - Entered env context: <rasterio.env.Env object at 0x10577c9b0>
2024-04-17 16:05:17,593 - DEBUG - rasterio.env - Exiting env context: <rasterio.env.Env object at 0x10577c9b0>
2024-04-17 16:05:17,593 - DEBUG - rasterio.env - Cleared existing <rasterio._env.GDALEnv object at 0x1170a6740> options
2024-04-17 16:05:17,593 - DEBUG - rasterio._env - Stopped GDALEnv <rasterio._env.GDALEnv object at 0x1170a6740>.
2024-04-17 16:05:17,593 - DEBUG - rasterio.env - Exiting outermost env
2024-04-17 16:05:17,593 - DEBUG - rasterio.env - Exited env context: <rasterio.env.Env object at 0x10577c9b0>
2024-04-17 16:05:17,597 - INFO - geo_tiff_processor - Processing completed and file closed
2024-04-17 16:05:17,599 - INFO - root - Verarbeitung erfolgreich abgeschlossen.
